Analysis & Synthesis report for jogo_desafio_memoria
Mon Mar 13 00:28:42 2023
Quartus Prime Version 20.1.1 Build 720 11/11/2020 SJ Lite Edition


---------------------
; Table of Contents ;
---------------------
  1. Legal Notice
  2. Analysis & Synthesis Summary
  3. Analysis & Synthesis Settings
  4. Parallel Compilation
  5. Analysis & Synthesis Source Files Read
  6. Analysis & Synthesis Resource Usage Summary
  7. Analysis & Synthesis Resource Utilization by Entity
  8. State Machine - |jogo_desafio_memoria|unidade_controle:unidadeControle|Eatual
  9. User-Specified and Inferred Latches
 10. General Register Statistics
 11. Multiplexer Restructuring Statistics (Restructuring Performed)
 12. Parameter Settings for User Entity Instance: fluxo_dados:fluxoDados|registrador_n:registrador
 13. Parameter Settings for User Entity Instance: fluxo_dados:fluxoDados|contador_m:timer
 14. Parameter Settings for User Entity Instance: fluxo_dados:fluxoDados|contador_m:timerJogadaInicial
 15. Port Connectivity Checks: "hexa7seg:HEX1"
 16. Port Connectivity Checks: "fluxo_dados:fluxoDados|contador_m:timerJogadaInicial"
 17. Port Connectivity Checks: "fluxo_dados:fluxoDados|contador_m:timer"
 18. Port Connectivity Checks: "fluxo_dados:fluxoDados|ram_16x4:memoria"
 19. Port Connectivity Checks: "fluxo_dados:fluxoDados|comparador_85:comparadorJogada"
 20. Port Connectivity Checks: "fluxo_dados:fluxoDados|comparador_85:comparadorJogadaFinal"
 21. Port Connectivity Checks: "fluxo_dados:fluxoDados|contador_163:contadorEndereco"
 22. Port Connectivity Checks: "fluxo_dados:fluxoDados|contador_163:contadorRodada"
 23. Port Connectivity Checks: "fluxo_dados:fluxoDados"
 24. Post-Synthesis Netlist Statistics for Top Partition
 25. Elapsed Time Per Partition
 26. Analysis & Synthesis Messages



----------------
; Legal Notice ;
----------------
Copyright (C) 2020  Intel Corporation. All rights reserved.
Your use of Intel Corporation's design tools, logic functions 
and other software and tools, and any partner logic 
functions, and any output files from any of the foregoing 
(including device programming or simulation files), and any 
associated documentation or information are expressly subject 
to the terms and conditions of the Intel Program License 
Subscription Agreement, the Intel Quartus Prime License Agreement,
the Intel FPGA IP License Agreement, or other applicable license
agreement, including, without limitation, that your use is for
the sole purpose of programming logic devices manufactured by
Intel and sold by Intel or its authorized distributors.  Please
refer to the applicable agreement for further details, at
https://fpgasoftware.intel.com/eula.



+-------------------------------------------------------------------------------+
; Analysis & Synthesis Summary                                                  ;
+---------------------------------+---------------------------------------------+
; Analysis & Synthesis Status     ; Successful - Mon Mar 13 00:28:42 2023       ;
; Quartus Prime Version           ; 20.1.1 Build 720 11/11/2020 SJ Lite Edition ;
; Revision Name                   ; jogo_desafio_memoria                        ;
; Top-level Entity Name           ; jogo_desafio_memoria                        ;
; Family                          ; Cyclone V                                   ;
; Logic utilization (in ALMs)     ; N/A                                         ;
; Total registers                 ; 105                                         ;
; Total pins                      ; 60                                          ;
; Total virtual pins              ; 0                                           ;
; Total block memory bits         ; 0                                           ;
; Total DSP Blocks                ; 0                                           ;
; Total HSSI RX PCSs              ; 0                                           ;
; Total HSSI PMA RX Deserializers ; 0                                           ;
; Total HSSI TX PCSs              ; 0                                           ;
; Total HSSI PMA TX Serializers   ; 0                                           ;
; Total PLLs                      ; 0                                           ;
; Total DLLs                      ; 0                                           ;
+---------------------------------+---------------------------------------------+


+-------------------------------------------------------------------------------------------------------------------------------+
; Analysis & Synthesis Settings                                                                                                 ;
+---------------------------------------------------------------------------------+----------------------+----------------------+
; Option                                                                          ; Setting              ; Default Value        ;
+---------------------------------------------------------------------------------+----------------------+----------------------+
; Device                                                                          ; 5CEBA4F23C7          ;                      ;
; Top-level entity name                                                           ; jogo_desafio_memoria ; jogo_desafio_memoria ;
; Family name                                                                     ; Cyclone V            ; Cyclone V            ;
; Use smart compilation                                                           ; Off                  ; Off                  ;
; Enable parallel Assembler and Timing Analyzer during compilation                ; On                   ; On                   ;
; Enable compact report table                                                     ; Off                  ; Off                  ;
; Restructure Multiplexers                                                        ; Auto                 ; Auto                 ;
; MLAB Add Timing Constraints For Mixed-Port Feed-Through Mode Setting Don't Care ; Off                  ; Off                  ;
; Create Debugging Nodes for IP Cores                                             ; Off                  ; Off                  ;
; Preserve fewer node names                                                       ; On                   ; On                   ;
; Intel FPGA IP Evaluation Mode                                                   ; Enable               ; Enable               ;
; Verilog Version                                                                 ; Verilog_2001         ; Verilog_2001         ;
; VHDL Version                                                                    ; VHDL_1993            ; VHDL_1993            ;
; State Machine Processing                                                        ; Auto                 ; Auto                 ;
; Safe State Machine                                                              ; Off                  ; Off                  ;
; Extract Verilog State Machines                                                  ; On                   ; On                   ;
; Extract VHDL State Machines                                                     ; On                   ; On                   ;
; Ignore Verilog initial constructs                                               ; Off                  ; Off                  ;
; Iteration limit for constant Verilog loops                                      ; 5000                 ; 5000                 ;
; Iteration limit for non-constant Verilog loops                                  ; 250                  ; 250                  ;
; Add Pass-Through Logic to Inferred RAMs                                         ; On                   ; On                   ;
; Infer RAMs from Raw Logic                                                       ; On                   ; On                   ;
; Parallel Synthesis                                                              ; On                   ; On                   ;
; DSP Block Balancing                                                             ; Auto                 ; Auto                 ;
; NOT Gate Push-Back                                                              ; On                   ; On                   ;
; Power-Up Don't Care                                                             ; On                   ; On                   ;
; Remove Redundant Logic Cells                                                    ; Off                  ; Off                  ;
; Remove Duplicate Registers                                                      ; On                   ; On                   ;
; Ignore CARRY Buffers                                                            ; Off                  ; Off                  ;
; Ignore CASCADE Buffers                                                          ; Off                  ; Off                  ;
; Ignore GLOBAL Buffers                                                           ; Off                  ; Off                  ;
; Ignore ROW GLOBAL Buffers                                                       ; Off                  ; Off                  ;
; Ignore LCELL Buffers                                                            ; Off                  ; Off                  ;
; Ignore SOFT Buffers                                                             ; On                   ; On                   ;
; Limit AHDL Integers to 32 Bits                                                  ; Off                  ; Off                  ;
; Optimization Technique                                                          ; Balanced             ; Balanced             ;
; Carry Chain Length                                                              ; 70                   ; 70                   ;
; Auto Carry Chains                                                               ; On                   ; On                   ;
; Auto Open-Drain Pins                                                            ; On                   ; On                   ;
; Perform WYSIWYG Primitive Resynthesis                                           ; Off                  ; Off                  ;
; Auto ROM Replacement                                                            ; On                   ; On                   ;
; Auto RAM Replacement                                                            ; On                   ; On                   ;
; Auto DSP Block Replacement                                                      ; On                   ; On                   ;
; Auto Shift Register Replacement                                                 ; Auto                 ; Auto                 ;
; Allow Shift Register Merging across Hierarchies                                 ; Auto                 ; Auto                 ;
; Auto Clock Enable Replacement                                                   ; On                   ; On                   ;
; Strict RAM Replacement                                                          ; Off                  ; Off                  ;
; Allow Synchronous Control Signals                                               ; On                   ; On                   ;
; Force Use of Synchronous Clear Signals                                          ; Off                  ; Off                  ;
; Auto Resource Sharing                                                           ; Off                  ; Off                  ;
; Allow Any RAM Size For Recognition                                              ; Off                  ; Off                  ;
; Allow Any ROM Size For Recognition                                              ; Off                  ; Off                  ;
; Allow Any Shift Register Size For Recognition                                   ; Off                  ; Off                  ;
; Use LogicLock Constraints during Resource Balancing                             ; On                   ; On                   ;
; Ignore translate_off and synthesis_off directives                               ; Off                  ; Off                  ;
; Timing-Driven Synthesis                                                         ; On                   ; On                   ;
; Report Parameter Settings                                                       ; On                   ; On                   ;
; Report Source Assignments                                                       ; On                   ; On                   ;
; Report Connectivity Checks                                                      ; On                   ; On                   ;
; Ignore Maximum Fan-Out Assignments                                              ; Off                  ; Off                  ;
; Synchronization Register Chain Length                                           ; 3                    ; 3                    ;
; Power Optimization During Synthesis                                             ; Normal compilation   ; Normal compilation   ;
; HDL message level                                                               ; Level2               ; Level2               ;
; Suppress Register Optimization Related Messages                                 ; Off                  ; Off                  ;
; Number of Removed Registers Reported in Synthesis Report                        ; 5000                 ; 5000                 ;
; Number of Swept Nodes Reported in Synthesis Report                              ; 5000                 ; 5000                 ;
; Number of Inverted Registers Reported in Synthesis Report                       ; 100                  ; 100                  ;
; Clock MUX Protection                                                            ; On                   ; On                   ;
; Auto Gated Clock Conversion                                                     ; Off                  ; Off                  ;
; Block Design Naming                                                             ; Auto                 ; Auto                 ;
; SDC constraint protection                                                       ; Off                  ; Off                  ;
; Synthesis Effort                                                                ; Auto                 ; Auto                 ;
; Shift Register Replacement - Allow Asynchronous Clear Signal                    ; On                   ; On                   ;
; Pre-Mapping Resynthesis Optimization                                            ; Off                  ; Off                  ;
; Analysis & Synthesis Message Level                                              ; Medium               ; Medium               ;
; Disable Register Merging Across Hierarchies                                     ; Auto                 ; Auto                 ;
; Resource Aware Inference For Block RAM                                          ; On                   ; On                   ;
; Automatic Parallel Synthesis                                                    ; On                   ; On                   ;
; Partial Reconfiguration Bitstream ID                                            ; Off                  ; Off                  ;
+---------------------------------------------------------------------------------+----------------------+----------------------+


+------------------------------------------+
; Parallel Compilation                     ;
+----------------------------+-------------+
; Processors                 ; Number      ;
+----------------------------+-------------+
; Number detected on machine ; 4           ;
; Maximum allowed            ; 4           ;
;                            ;             ;
; Average used               ; 1.00        ;
; Maximum used               ; 4           ;
;                            ;             ;
; Usage by Processor         ; % Time Used ;
;     Processor 1            ; 100.0%      ;
;     Processors 2-4         ;   0.0%      ;
+----------------------------+-------------+


+----------------------------------------------------------------------------------------------------------------------------------------------------------------------------+
; Analysis & Synthesis Source Files Read                                                                                                                                     ;
+----------------------------------+-----------------+-----------------+-------------------------------------------------------------------------------------------+---------+
; File Name with User-Entered Path ; Used in Netlist ; File Type       ; File Name with Absolute Path                                                              ; Library ;
+----------------------------------+-----------------+-----------------+-------------------------------------------------------------------------------------------+---------+
; unidade_controle.vhd             ; yes             ; User VHDL File  ; C:/Users/User/Desktop/Labdig/Projeto/Labdig-1/Semana1/S1_quartus/unidade_controle.vhd     ;         ;
; registrador_n.vhd                ; yes             ; User VHDL File  ; C:/Users/User/Desktop/Labdig/Projeto/Labdig-1/Semana1/S1_quartus/registrador_n.vhd        ;         ;
; ram_16x4.vhd                     ; yes             ; User VHDL File  ; C:/Users/User/Desktop/Labdig/Projeto/Labdig-1/Semana1/S1_quartus/ram_16x4.vhd             ;         ;
; jogo_desafio_memoria.vhd         ; yes             ; User VHDL File  ; C:/Users/User/Desktop/Labdig/Projeto/Labdig-1/Semana1/S1_quartus/jogo_desafio_memoria.vhd ;         ;
; hexa7seg.vhd                     ; yes             ; User VHDL File  ; C:/Users/User/Desktop/Labdig/Projeto/Labdig-1/Semana1/S1_quartus/hexa7seg.vhd             ;         ;
; fluxo_dados.vhd                  ; yes             ; User VHDL File  ; C:/Users/User/Desktop/Labdig/Projeto/Labdig-1/Semana1/S1_quartus/fluxo_dados.vhd          ;         ;
; edge_detector.vhd                ; yes             ; User VHDL File  ; C:/Users/User/Desktop/Labdig/Projeto/Labdig-1/Semana1/S1_quartus/edge_detector.vhd        ;         ;
; contador_m.vhd                   ; yes             ; User VHDL File  ; C:/Users/User/Desktop/Labdig/Projeto/Labdig-1/Semana1/S1_quartus/contador_m.vhd           ;         ;
; contador_163.vhd                 ; yes             ; User VHDL File  ; C:/Users/User/Desktop/Labdig/Projeto/Labdig-1/Semana1/S1_quartus/contador_163.vhd         ;         ;
; comparador_85.vhd                ; yes             ; User VHDL File  ; C:/Users/User/Desktop/Labdig/Projeto/Labdig-1/Semana1/S1_quartus/comparador_85.vhd        ;         ;
+----------------------------------+-----------------+-----------------+-------------------------------------------------------------------------------------------+---------+


+-----------------------------------------------------------+
; Analysis & Synthesis Resource Usage Summary               ;
+---------------------------------------------+-------------+
; Resource                                    ; Usage       ;
+---------------------------------------------+-------------+
; Estimate of Logic utilization (ALMs needed) ; 144         ;
;                                             ;             ;
; Combinational ALUT usage for logic          ; 224         ;
;     -- 7 input functions                    ; 1           ;
;     -- 6 input functions                    ; 57          ;
;     -- 5 input functions                    ; 58          ;
;     -- 4 input functions                    ; 46          ;
;     -- <=3 input functions                  ; 62          ;
;                                             ;             ;
; Dedicated logic registers                   ; 105         ;
;                                             ;             ;
; I/O pins                                    ; 60          ;
;                                             ;             ;
; Total DSP Blocks                            ; 0           ;
;                                             ;             ;
; Maximum fan-out node                        ; clock~input ;
; Maximum fan-out                             ; 105         ;
; Total fan-out                               ; 1373        ;
; Average fan-out                             ; 3.06        ;
+---------------------------------------------+-------------+


+-------------------------------------------------------------------------------------------------------------------------------------------------------------------------------------------------------------------------------------------------------------------------------+
; Analysis & Synthesis Resource Utilization by Entity                                                                                                                                                                                                                           ;
+---------------------------------------------+---------------------+---------------------------+-------------------+------------+------+--------------+----------------------------------------------------------------------------------+----------------------+--------------+
; Compilation Hierarchy Node                  ; Combinational ALUTs ; Dedicated Logic Registers ; Block Memory Bits ; DSP Blocks ; Pins ; Virtual Pins ; Full Hierarchy Name                                                              ; Entity Name          ; Library Name ;
+---------------------------------------------+---------------------+---------------------------+-------------------+------------+------+--------------+----------------------------------------------------------------------------------+----------------------+--------------+
; |jogo_desafio_memoria                       ; 224 (22)            ; 105 (0)                   ; 0                 ; 0          ; 60   ; 0            ; |jogo_desafio_memoria                                                            ; jogo_desafio_memoria ; work         ;
;    |fluxo_dados:fluxoDados|                 ; 102 (15)            ; 91 (0)                    ; 0                 ; 0          ; 0    ; 0            ; |jogo_desafio_memoria|fluxo_dados:fluxoDados                                     ; fluxo_dados          ; work         ;
;       |comparador_85:comparadorJogadaFinal| ; 2 (2)               ; 0 (0)                     ; 0                 ; 0          ; 0    ; 0            ; |jogo_desafio_memoria|fluxo_dados:fluxoDados|comparador_85:comparadorJogadaFinal ; comparador_85        ; work         ;
;       |comparador_85:comparadorJogada|      ; 3 (3)               ; 0 (0)                     ; 0                 ; 0          ; 0    ; 0            ; |jogo_desafio_memoria|fluxo_dados:fluxoDados|comparador_85:comparadorJogada      ; comparador_85        ; work         ;
;       |contador_163:contadorEndereco|       ; 5 (5)               ; 4 (4)                     ; 0                 ; 0          ; 0    ; 0            ; |jogo_desafio_memoria|fluxo_dados:fluxoDados|contador_163:contadorEndereco       ; contador_163         ; work         ;
;       |contador_163:contadorRodada|         ; 6 (6)               ; 4 (4)                     ; 0                 ; 0          ; 0    ; 0            ; |jogo_desafio_memoria|fluxo_dados:fluxoDados|contador_163:contadorRodada         ; contador_163         ; work         ;
;       |contador_m:timerJogadaInicial|       ; 9 (9)               ; 6 (6)                     ; 0                 ; 0          ; 0    ; 0            ; |jogo_desafio_memoria|fluxo_dados:fluxoDados|contador_m:timerJogadaInicial       ; contador_m           ; work         ;
;       |contador_m:timer|                    ; 10 (10)             ; 7 (7)                     ; 0                 ; 0          ; 0    ; 0            ; |jogo_desafio_memoria|fluxo_dados:fluxoDados|contador_m:timer                    ; contador_m           ; work         ;
;       |edge_detector:detetor|               ; 0 (0)               ; 2 (2)                     ; 0                 ; 0          ; 0    ; 0            ; |jogo_desafio_memoria|fluxo_dados:fluxoDados|edge_detector:detetor               ; edge_detector        ; work         ;
;       |ram_16x4:memoria|                    ; 52 (52)             ; 64 (64)                   ; 0                 ; 0          ; 0    ; 0            ; |jogo_desafio_memoria|fluxo_dados:fluxoDados|ram_16x4:memoria                    ; ram_16x4             ; work         ;
;       |registrador_n:registrador|           ; 0 (0)               ; 4 (4)                     ; 0                 ; 0          ; 0    ; 0            ; |jogo_desafio_memoria|fluxo_dados:fluxoDados|registrador_n:registrador           ; registrador_n        ; work         ;
;    |hexa7seg:HEX0|                          ; 11 (11)             ; 0 (0)                     ; 0                 ; 0          ; 0    ; 0            ; |jogo_desafio_memoria|hexa7seg:HEX0                                              ; hexa7seg             ; work         ;
;    |hexa7seg:HEX1|                          ; 7 (7)               ; 0 (0)                     ; 0                 ; 0          ; 0    ; 0            ; |jogo_desafio_memoria|hexa7seg:HEX1                                              ; hexa7seg             ; work         ;
;    |hexa7seg:HEX2|                          ; 14 (14)             ; 0 (0)                     ; 0                 ; 0          ; 0    ; 0            ; |jogo_desafio_memoria|hexa7seg:HEX2                                              ; hexa7seg             ; work         ;
;    |hexa7seg:HEX3|                          ; 12 (12)             ; 0 (0)                     ; 0                 ; 0          ; 0    ; 0            ; |jogo_desafio_memoria|hexa7seg:HEX3                                              ; hexa7seg             ; work         ;
;    |hexa7seg:HEX4|                          ; 10 (10)             ; 0 (0)                     ; 0                 ; 0          ; 0    ; 0            ; |jogo_desafio_memoria|hexa7seg:HEX4                                              ; hexa7seg             ; work         ;
;    |hexa7seg:HEX5|                          ; 11 (11)             ; 0 (0)                     ; 0                 ; 0          ; 0    ; 0            ; |jogo_desafio_memoria|hexa7seg:HEX5                                              ; hexa7seg             ; work         ;
;    |unidade_controle:unidadeControle|       ; 35 (35)             ; 14 (14)                   ; 0                 ; 0          ; 0    ; 0            ; |jogo_desafio_memoria|unidade_controle:unidadeControle                           ; unidade_controle     ; work         ;
+---------------------------------------------+---------------------+---------------------------+-------------------+------------+------+--------------+----------------------------------------------------------------------------------+----------------------+--------------+
Note: For table entries with two numbers listed, the numbers in parentheses indicate the number of resources of the given type used by the specific entity alone. The numbers listed outside of parentheses indicate the total resources of the given type used by the specific entity and all of its sub-entities in the hierarchy.


Encoding Type:  One-Hot
+------------------------------------------------------------------------------------------------------------------------------------------------------------------------------------------------------------------------------------------------------------------------------------------------+
; State Machine - |jogo_desafio_memoria|unidade_controle:unidadeControle|Eatual                                                                                                                                                                                                                  ;
+---------------------------+------------------+-------------+-------------+-------------+--------------------+----------------------+---------------------------+----------------+----------------+-----------------+---------------+----------------------+-------------------+----------------+
; Name                      ; Eatual.perdeVida ; Eatual.fimT ; Eatual.fimE ; Eatual.fimA ; Eatual.proximoDado ; Eatual.proximaRodada ; Eatual.incrementaEndereco ; Eatual.escreve ; Eatual.compara ; Eatual.registra ; Eatual.espera ; Eatual.mostraJogadas ; Eatual.inicializa ; Eatual.inicial ;
+---------------------------+------------------+-------------+-------------+-------------+--------------------+----------------------+---------------------------+----------------+----------------+-----------------+---------------+----------------------+-------------------+----------------+
; Eatual.inicial            ; 0                ; 0           ; 0           ; 0           ; 0                  ; 0                    ; 0                         ; 0              ; 0              ; 0               ; 0             ; 0                    ; 0                 ; 0              ;
; Eatual.inicializa         ; 0                ; 0           ; 0           ; 0           ; 0                  ; 0                    ; 0                         ; 0              ; 0              ; 0               ; 0             ; 0                    ; 1                 ; 1              ;
; Eatual.mostraJogadas      ; 0                ; 0           ; 0           ; 0           ; 0                  ; 0                    ; 0                         ; 0              ; 0              ; 0               ; 0             ; 1                    ; 0                 ; 1              ;
; Eatual.espera             ; 0                ; 0           ; 0           ; 0           ; 0                  ; 0                    ; 0                         ; 0              ; 0              ; 0               ; 1             ; 0                    ; 0                 ; 1              ;
; Eatual.registra           ; 0                ; 0           ; 0           ; 0           ; 0                  ; 0                    ; 0                         ; 0              ; 0              ; 1               ; 0             ; 0                    ; 0                 ; 1              ;
; Eatual.compara            ; 0                ; 0           ; 0           ; 0           ; 0                  ; 0                    ; 0                         ; 0              ; 1              ; 0               ; 0             ; 0                    ; 0                 ; 1              ;
; Eatual.escreve            ; 0                ; 0           ; 0           ; 0           ; 0                  ; 0                    ; 0                         ; 1              ; 0              ; 0               ; 0             ; 0                    ; 0                 ; 1              ;
; Eatual.incrementaEndereco ; 0                ; 0           ; 0           ; 0           ; 0                  ; 0                    ; 1                         ; 0              ; 0              ; 0               ; 0             ; 0                    ; 0                 ; 1              ;
; Eatual.proximaRodada      ; 0                ; 0           ; 0           ; 0           ; 0                  ; 1                    ; 0                         ; 0              ; 0              ; 0               ; 0             ; 0                    ; 0                 ; 1              ;
; Eatual.proximoDado        ; 0                ; 0           ; 0           ; 0           ; 1                  ; 0                    ; 0                         ; 0              ; 0              ; 0               ; 0             ; 0                    ; 0                 ; 1              ;
; Eatual.fimA               ; 0                ; 0           ; 0           ; 1           ; 0                  ; 0                    ; 0                         ; 0              ; 0              ; 0               ; 0             ; 0                    ; 0                 ; 1              ;
; Eatual.fimE               ; 0                ; 0           ; 1           ; 0           ; 0                  ; 0                    ; 0                         ; 0              ; 0              ; 0               ; 0             ; 0                    ; 0                 ; 1              ;
; Eatual.fimT               ; 0                ; 1           ; 0           ; 0           ; 0                  ; 0                    ; 0                         ; 0              ; 0              ; 0               ; 0             ; 0                    ; 0                 ; 1              ;
; Eatual.perdeVida          ; 1                ; 0           ; 0           ; 0           ; 0                  ; 0                    ; 0                         ; 0              ; 0              ; 0               ; 0             ; 0                    ; 0                 ; 1              ;
+---------------------------+------------------+-------------+-------------+-------------+--------------------+----------------------+---------------------------+----------------+----------------+-----------------+---------------+----------------------+-------------------+----------------+


+-----------------------------------------------------------------------------------------------------------------+
; User-Specified and Inferred Latches                                                                             ;
+----------------------------------------------------+-----------------------------------+------------------------+
; Latch Name                                         ; Latch Enable Signal               ; Free of Timing Hazards ;
+----------------------------------------------------+-----------------------------------+------------------------+
; fluxo_dados:fluxoDados|s_vidas[3]                  ; fluxo_dados:fluxoDados|process_0  ; yes                    ;
; fluxo_dados:fluxoDados|s_vidas[0]                  ; fluxo_dados:fluxoDados|process_0  ; yes                    ;
; fluxo_dados:fluxoDados|s_vidas[2]                  ; fluxo_dados:fluxoDados|process_0  ; yes                    ;
; fluxo_dados:fluxoDados|s_vidas[1]                  ; fluxo_dados:fluxoDados|process_0  ; yes                    ;
; fluxo_dados:fluxoDados|vidaZerada                  ; fluxo_dados:fluxoDados|vidaZerada ; yes                    ;
; Number of user-specified and inferred latches = 5  ;                                   ;                        ;
+----------------------------------------------------+-----------------------------------+------------------------+
Note: All latches listed above may not be present at the end of synthesis due to various synthesis optimizations.


+------------------------------------------------------+
; General Register Statistics                          ;
+----------------------------------------------+-------+
; Statistic                                    ; Value ;
+----------------------------------------------+-------+
; Total registers                              ; 105   ;
; Number of registers using Synchronous Clear  ; 7     ;
; Number of registers using Synchronous Load   ; 0     ;
; Number of registers using Asynchronous Clear ; 20    ;
; Number of registers using Asynchronous Load  ; 0     ;
; Number of registers using Clock Enable       ; 76    ;
; Number of registers using Preset             ; 0     ;
+----------------------------------------------+-------+


+------------------------------------------------------------------------------------------------------------------------------------------------------------------------------------------------+
; Multiplexer Restructuring Statistics (Restructuring Performed)                                                                                                                                 ;
+--------------------+-----------+---------------+----------------------+------------------------+------------+----------------------------------------------------------------------------------+
; Multiplexer Inputs ; Bus Width ; Baseline Area ; Area if Restructured ; Saving if Restructured ; Registered ; Example Multiplexer Output                                                       ;
+--------------------+-----------+---------------+----------------------+------------------------+------------+----------------------------------------------------------------------------------+
; 3:1                ; 7 bits    ; 14 LEs        ; 14 LEs               ; 0 LEs                  ; Yes        ; |jogo_desafio_memoria|fluxo_dados:fluxoDados|contador_m:timer|IQ[2]              ;
; 3:1                ; 6 bits    ; 12 LEs        ; 12 LEs               ; 0 LEs                  ; Yes        ; |jogo_desafio_memoria|fluxo_dados:fluxoDados|contador_m:timerJogadaInicial|IQ[3] ;
; 4:1                ; 4 bits    ; 8 LEs         ; 8 LEs                ; 0 LEs                  ; Yes        ; |jogo_desafio_memoria|fluxo_dados:fluxoDados|contador_163:contadorEndereco|IQ[1] ;
; 4:1                ; 4 bits    ; 8 LEs         ; 8 LEs                ; 0 LEs                  ; Yes        ; |jogo_desafio_memoria|fluxo_dados:fluxoDados|contador_163:contadorRodada|IQ[0]   ;
; 4:1                ; 3 bits    ; 6 LEs         ; 6 LEs                ; 0 LEs                  ; No         ; |jogo_desafio_memoria|Mux16                                                      ;
; 4:1                ; 13 bits   ; 26 LEs        ; 26 LEs               ; 0 LEs                  ; No         ; |jogo_desafio_memoria|Mux0                                                       ;
; 22:1               ; 4 bits    ; 56 LEs        ; 56 LEs               ; 0 LEs                  ; No         ; |jogo_desafio_memoria|hexa7seg:HEX0|sseg[0]                                      ;
; 22:1               ; 4 bits    ; 56 LEs        ; 56 LEs               ; 0 LEs                  ; No         ; |jogo_desafio_memoria|hexa7seg:HEX5|sseg[6]                                      ;
; 22:1               ; 4 bits    ; 56 LEs        ; 56 LEs               ; 0 LEs                  ; No         ; |jogo_desafio_memoria|hexa7seg:HEX2|sseg[0]                                      ;
; 23:1               ; 2 bits    ; 30 LEs        ; 30 LEs               ; 0 LEs                  ; No         ; |jogo_desafio_memoria|hexa7seg:HEX0|sseg[5]                                      ;
; 23:1               ; 2 bits    ; 30 LEs        ; 30 LEs               ; 0 LEs                  ; No         ; |jogo_desafio_memoria|hexa7seg:HEX5|sseg[3]                                      ;
; 23:1               ; 2 bits    ; 30 LEs        ; 30 LEs               ; 0 LEs                  ; No         ; |jogo_desafio_memoria|hexa7seg:HEX2|sseg[3]                                      ;
; 25:1               ; 2 bits    ; 32 LEs        ; 32 LEs               ; 0 LEs                  ; No         ; |jogo_desafio_memoria|unidade_controle:unidadeControle|Eprox.inicializa          ;
+--------------------+-----------+---------------+----------------------+------------------------+------------+----------------------------------------------------------------------------------+


+-----------------------------------------------------------------------------------------------+
; Parameter Settings for User Entity Instance: fluxo_dados:fluxoDados|registrador_n:registrador ;
+----------------+-------+----------------------------------------------------------------------+
; Parameter Name ; Value ; Type                                                                 ;
+----------------+-------+----------------------------------------------------------------------+
; n              ; 4     ; Signed Integer                                                       ;
+----------------+-------+----------------------------------------------------------------------+
Note: In order to hide this table in the UI and the text report file, please set the "Show Parameter Settings in Synthesis Report" option in "Analysis and Synthesis Settings -> More Settings" to "Off".


+--------------------------------------------------------------------------------------+
; Parameter Settings for User Entity Instance: fluxo_dados:fluxoDados|contador_m:timer ;
+----------------+-------+-------------------------------------------------------------+
; Parameter Name ; Value ; Type                                                        ;
+----------------+-------+-------------------------------------------------------------+
; m              ; 100   ; Signed Integer                                              ;
+----------------+-------+-------------------------------------------------------------+
Note: In order to hide this table in the UI and the text report file, please set the "Show Parameter Settings in Synthesis Report" option in "Analysis and Synthesis Settings -> More Settings" to "Off".


+---------------------------------------------------------------------------------------------------+
; Parameter Settings for User Entity Instance: fluxo_dados:fluxoDados|contador_m:timerJogadaInicial ;
+----------------+-------+--------------------------------------------------------------------------+
; Parameter Name ; Value ; Type                                                                     ;
+----------------+-------+--------------------------------------------------------------------------+
; m              ; 50    ; Signed Integer                                                           ;
+----------------+-------+--------------------------------------------------------------------------+
Note: In order to hide this table in the UI and the text report file, please set the "Show Parameter Settings in Synthesis Report" option in "Analysis and Synthesis Settings -> More Settings" to "Off".


+-------------------------------------------+
; Port Connectivity Checks: "hexa7seg:HEX1" ;
+---------+-------+----------+--------------+
; Port    ; Type  ; Severity ; Details      ;
+---------+-------+----------+--------------+
; hexa[4] ; Input ; Info     ; Stuck at GND ;
+---------+-------+----------+--------------+


+-------------------------------------------------------------------------------------------------------------------+
; Port Connectivity Checks: "fluxo_dados:fluxoDados|contador_m:timerJogadaInicial"                                  ;
+---------+--------+----------+-------------------------------------------------------------------------------------+
; Port    ; Type   ; Severity ; Details                                                                             ;
+---------+--------+----------+-------------------------------------------------------------------------------------+
; zera_as ; Input  ; Info     ; Stuck at GND                                                                        ;
; q       ; Output ; Info     ; Connected to dangling logic. Logic that only feeds a dangling port will be removed. ;
; meio    ; Output ; Info     ; Connected to dangling logic. Logic that only feeds a dangling port will be removed. ;
+---------+--------+----------+-------------------------------------------------------------------------------------+


+-------------------------------------------------------------------------------------------------------------------+
; Port Connectivity Checks: "fluxo_dados:fluxoDados|contador_m:timer"                                               ;
+---------+--------+----------+-------------------------------------------------------------------------------------+
; Port    ; Type   ; Severity ; Details                                                                             ;
+---------+--------+----------+-------------------------------------------------------------------------------------+
; zera_as ; Input  ; Info     ; Stuck at GND                                                                        ;
; q       ; Output ; Info     ; Connected to dangling logic. Logic that only feeds a dangling port will be removed. ;
; meio    ; Output ; Info     ; Connected to dangling logic. Logic that only feeds a dangling port will be removed. ;
+---------+--------+----------+-------------------------------------------------------------------------------------+


+---------------------------------------------------------------------+
; Port Connectivity Checks: "fluxo_dados:fluxoDados|ram_16x4:memoria" ;
+------+-------+----------+-------------------------------------------+
; Port ; Type  ; Severity ; Details                                   ;
+------+-------+----------+-------------------------------------------+
; ce   ; Input ; Info     ; Stuck at GND                              ;
+------+-------+----------+-------------------------------------------+


+------------------------------------------------------------------------------------------------------------------+
; Port Connectivity Checks: "fluxo_dados:fluxoDados|comparador_85:comparadorJogada"                                ;
+--------+--------+----------+-------------------------------------------------------------------------------------+
; Port   ; Type   ; Severity ; Details                                                                             ;
+--------+--------+----------+-------------------------------------------------------------------------------------+
; i_agtb ; Input  ; Info     ; Stuck at GND                                                                        ;
; i_altb ; Input  ; Info     ; Stuck at GND                                                                        ;
; i_aeqb ; Input  ; Info     ; Stuck at VCC                                                                        ;
; o_agtb ; Output ; Info     ; Connected to dangling logic. Logic that only feeds a dangling port will be removed. ;
; o_altb ; Output ; Info     ; Connected to dangling logic. Logic that only feeds a dangling port will be removed. ;
+--------+--------+----------+-------------------------------------------------------------------------------------+


+------------------------------------------------------------------------------------------------------------------+
; Port Connectivity Checks: "fluxo_dados:fluxoDados|comparador_85:comparadorJogadaFinal"                           ;
+--------+--------+----------+-------------------------------------------------------------------------------------+
; Port   ; Type   ; Severity ; Details                                                                             ;
+--------+--------+----------+-------------------------------------------------------------------------------------+
; i_agtb ; Input  ; Info     ; Stuck at GND                                                                        ;
; i_altb ; Input  ; Info     ; Stuck at GND                                                                        ;
; i_aeqb ; Input  ; Info     ; Stuck at VCC                                                                        ;
; o_agtb ; Output ; Info     ; Connected to dangling logic. Logic that only feeds a dangling port will be removed. ;
; o_altb ; Output ; Info     ; Connected to dangling logic. Logic that only feeds a dangling port will be removed. ;
+--------+--------+----------+-------------------------------------------------------------------------------------+


+----------------------------------------------------------------------------------+
; Port Connectivity Checks: "fluxo_dados:fluxoDados|contador_163:contadorEndereco" ;
+------+-------+----------+--------------------------------------------------------+
; Port ; Type  ; Severity ; Details                                                ;
+------+-------+----------+--------------------------------------------------------+
; ld   ; Input ; Info     ; Stuck at VCC                                           ;
; ent  ; Input ; Info     ; Stuck at VCC                                           ;
; d    ; Input ; Info     ; Stuck at GND                                           ;
+------+-------+----------+--------------------------------------------------------+


+--------------------------------------------------------------------------------+
; Port Connectivity Checks: "fluxo_dados:fluxoDados|contador_163:contadorRodada" ;
+------+-------+----------+------------------------------------------------------+
; Port ; Type  ; Severity ; Details                                              ;
+------+-------+----------+------------------------------------------------------+
; ld   ; Input ; Info     ; Stuck at VCC                                         ;
; ent  ; Input ; Info     ; Stuck at VCC                                         ;
; d    ; Input ; Info     ; Stuck at GND                                         ;
+------+-------+----------+------------------------------------------------------+


+-------------------------------------------------------------------------------------------------------------------------+
; Port Connectivity Checks: "fluxo_dados:fluxoDados"                                                                      ;
+---------------+--------+----------+-------------------------------------------------------------------------------------+
; Port          ; Type   ; Severity ; Details                                                                             ;
+---------------+--------+----------+-------------------------------------------------------------------------------------+
; db_tem_jogada ; Output ; Info     ; Connected to dangling logic. Logic that only feeds a dangling port will be removed. ;
+---------------+--------+----------+-------------------------------------------------------------------------------------+


+-----------------------------------------------------+
; Post-Synthesis Netlist Statistics for Top Partition ;
+-----------------------+-----------------------------+
; Type                  ; Count                       ;
+-----------------------+-----------------------------+
; arriav_ff             ; 105                         ;
;     CLR               ; 16                          ;
;     ENA               ; 72                          ;
;     ENA CLR           ; 4                           ;
;     SCLR              ; 7                           ;
;     plain             ; 6                           ;
; arriav_lcell_comb     ; 226                         ;
;     arith             ; 7                           ;
;         1 data inputs ; 7                           ;
;     extend            ; 1                           ;
;         7 data inputs ; 1                           ;
;     normal            ; 218                         ;
;         1 data inputs ; 18                          ;
;         2 data inputs ; 20                          ;
;         3 data inputs ; 19                          ;
;         4 data inputs ; 46                          ;
;         5 data inputs ; 58                          ;
;         6 data inputs ; 57                          ;
; boundary_port         ; 60                          ;
;                       ;                             ;
; Max LUT depth         ; 7.00                        ;
; Average LUT depth     ; 3.78                        ;
+-----------------------+-----------------------------+


+-------------------------------+
; Elapsed Time Per Partition    ;
+----------------+--------------+
; Partition Name ; Elapsed Time ;
+----------------+--------------+
; Top            ; 00:00:03     ;
+----------------+--------------+


+-------------------------------+
; Analysis & Synthesis Messages ;
+-------------------------------+
Info: *******************************************************************
Info: Running Quartus Prime Analysis & Synthesis
    Info: Version 20.1.1 Build 720 11/11/2020 SJ Lite Edition
    Info: Processing started: Mon Mar 13 00:28:26 2023
Info: Command: quartus_map --read_settings_files=on --write_settings_files=off jogo_desafio_memoria -c jogo_desafio_memoria
Warning (18236): Number of processors has not been specified which may cause overloading on shared machines.  Set the global assignment NUM_PARALLEL_PROCESSORS in your QSF to an appropriate value for best performance.
Info (20030): Parallel compilation is enabled and will use 4 of the 4 processors detected
Info (12021): Found 2 design units, including 1 entities, in source file unidade_controle.vhd
    Info (12022): Found design unit 1: unidade_controle-fsm File: C:/Users/User/Desktop/Labdig/Projeto/Labdig-1/Semana1/S1_quartus/unidade_controle.vhd Line: 55
    Info (12023): Found entity 1: unidade_controle File: C:/Users/User/Desktop/Labdig/Projeto/Labdig-1/Semana1/S1_quartus/unidade_controle.vhd Line: 22
Info (12021): Found 2 design units, including 1 entities, in source file registrador_n.vhd
    Info (12022): Found design unit 1: registrador_n-comportamental File: C:/Users/User/Desktop/Labdig/Projeto/Labdig-1/Semana1/S1_quartus/registrador_n.vhd Line: 49
    Info (12023): Found entity 1: registrador_n File: C:/Users/User/Desktop/Labdig/Projeto/Labdig-1/Semana1/S1_quartus/registrador_n.vhd Line: 36
Info (12021): Found 3 design units, including 1 entities, in source file ram_16x4.vhd
    Info (12022): Found design unit 1: ram_16x4-ram_mif File: C:/Users/User/Desktop/Labdig/Projeto/Labdig-1/Semana1/S1_quartus/ram_16x4.vhd Line: 40
    Info (12022): Found design unit 2: ram_16x4-ram_modelsim File: C:/Users/User/Desktop/Labdig/Projeto/Labdig-1/Semana1/S1_quartus/ram_16x4.vhd Line: 70
    Info (12023): Found entity 1: ram_16x4 File: C:/Users/User/Desktop/Labdig/Projeto/Labdig-1/Semana1/S1_quartus/ram_16x4.vhd Line: 28
Info (12021): Found 2 design units, including 1 entities, in source file jogo_desafio_memoria_tb_perdeu_timeout_escrita.vhd
    Info (12022): Found design unit 1: jogo_desafio_memoria_tb_perdeu_timeout_escrita-tb File: C:/Users/User/Desktop/Labdig/Projeto/Labdig-1/Semana1/S1_quartus/jogo_desafio_memoria_tb_perdeu_timeout_escrita.vhd Line: 26
    Info (12023): Found entity 1: jogo_desafio_memoria_tb_perdeu_timeout_escrita File: C:/Users/User/Desktop/Labdig/Projeto/Labdig-1/Semana1/S1_quartus/jogo_desafio_memoria_tb_perdeu_timeout_escrita.vhd Line: 23
Info (12021): Found 2 design units, including 1 entities, in source file jogo_desafio_memoria_tb_perdeu_timeout.vhd
    Info (12022): Found design unit 1: jogo_desafio_memoria_tb_perdeu_timeout-tb File: C:/Users/User/Desktop/Labdig/Projeto/Labdig-1/Semana1/S1_quartus/jogo_desafio_memoria_tb_perdeu_timeout.vhd Line: 26
    Info (12023): Found entity 1: jogo_desafio_memoria_tb_perdeu_timeout File: C:/Users/User/Desktop/Labdig/Projeto/Labdig-1/Semana1/S1_quartus/jogo_desafio_memoria_tb_perdeu_timeout.vhd Line: 23
Info (12021): Found 2 design units, including 1 entities, in source file jogo_desafio_memoria_tb_perdeu_continua.vhd
    Info (12022): Found design unit 1: jogo_desafio_memoria_tb_perdeu_continua-tb File: C:/Users/User/Desktop/Labdig/Projeto/Labdig-1/Semana1/S1_quartus/jogo_desafio_memoria_tb_perdeu_continua.vhd Line: 26
    Info (12023): Found entity 1: jogo_desafio_memoria_tb_perdeu_continua File: C:/Users/User/Desktop/Labdig/Projeto/Labdig-1/Semana1/S1_quartus/jogo_desafio_memoria_tb_perdeu_continua.vhd Line: 23
Info (12021): Found 2 design units, including 1 entities, in source file jogo_desafio_memoria_tb_perdeu.vhd
    Info (12022): Found design unit 1: jogo_desafio_memoria_tb_perdeu-tb File: C:/Users/User/Desktop/Labdig/Projeto/Labdig-1/Semana1/S1_quartus/jogo_desafio_memoria_tb_perdeu.vhd Line: 26
    Info (12023): Found entity 1: jogo_desafio_memoria_tb_perdeu File: C:/Users/User/Desktop/Labdig/Projeto/Labdig-1/Semana1/S1_quartus/jogo_desafio_memoria_tb_perdeu.vhd Line: 23
Info (12021): Found 2 design units, including 1 entities, in source file jogo_desafio_memoria_tb_ganhou.vhd
    Info (12022): Found design unit 1: jogo_desafio_memoria_tb_ganhou-tb File: C:/Users/User/Desktop/Labdig/Projeto/Labdig-1/Semana1/S1_quartus/jogo_desafio_memoria_tb_ganhou.vhd Line: 26
    Info (12023): Found entity 1: jogo_desafio_memoria_tb_ganhou File: C:/Users/User/Desktop/Labdig/Projeto/Labdig-1/Semana1/S1_quartus/jogo_desafio_memoria_tb_ganhou.vhd Line: 23
Info (12021): Found 2 design units, including 1 entities, in source file jogo_desafio_memoria.vhd
    Info (12022): Found design unit 1: jogo_desafio_memoria-estrutural File: C:/Users/User/Desktop/Labdig/Projeto/Labdig-1/Semana1/S1_quartus/jogo_desafio_memoria.vhd Line: 27
    Info (12023): Found entity 1: jogo_desafio_memoria File: C:/Users/User/Desktop/Labdig/Projeto/Labdig-1/Semana1/S1_quartus/jogo_desafio_memoria.vhd Line: 4
Info (12021): Found 2 design units, including 1 entities, in source file hexa7seg.vhd
    Info (12022): Found design unit 1: hexa7seg-comportamental File: C:/Users/User/Desktop/Labdig/Projeto/Labdig-1/Semana1/S1_quartus/hexa7seg.vhd Line: 31
    Info (12023): Found entity 1: hexa7seg File: C:/Users/User/Desktop/Labdig/Projeto/Labdig-1/Semana1/S1_quartus/hexa7seg.vhd Line: 24
Info (12021): Found 2 design units, including 1 entities, in source file fluxo_dados.vhd
    Info (12022): Found design unit 1: fluxo_dados-estrutural File: C:/Users/User/Desktop/Labdig/Projeto/Labdig-1/Semana1/S1_quartus/fluxo_dados.vhd Line: 65
    Info (12023): Found entity 1: fluxo_dados File: C:/Users/User/Desktop/Labdig/Projeto/Labdig-1/Semana1/S1_quartus/fluxo_dados.vhd Line: 33
Info (12021): Found 2 design units, including 1 entities, in source file edge_detector.vhd
    Info (12022): Found design unit 1: edge_detector-rtl File: C:/Users/User/Desktop/Labdig/Projeto/Labdig-1/Semana1/S1_quartus/edge_detector.vhd Line: 34
    Info (12023): Found entity 1: edge_detector File: C:/Users/User/Desktop/Labdig/Projeto/Labdig-1/Semana1/S1_quartus/edge_detector.vhd Line: 25
Info (12021): Found 2 design units, including 1 entities, in source file contador_m_tb.vhd
    Info (12022): Found design unit 1: contador_m_tb-tb File: C:/Users/User/Desktop/Labdig/Projeto/Labdig-1/Semana1/S1_quartus/contador_m_tb.vhd Line: 28
    Info (12023): Found entity 1: contador_m_tb File: C:/Users/User/Desktop/Labdig/Projeto/Labdig-1/Semana1/S1_quartus/contador_m_tb.vhd Line: 25
Info (12021): Found 2 design units, including 1 entities, in source file contador_m.vhd
    Info (12022): Found design unit 1: contador_m-comportamental File: C:/Users/User/Desktop/Labdig/Projeto/Labdig-1/Semana1/S1_quartus/contador_m.vhd Line: 48
    Info (12023): Found entity 1: contador_m File: C:/Users/User/Desktop/Labdig/Projeto/Labdig-1/Semana1/S1_quartus/contador_m.vhd Line: 33
Info (12021): Found 2 design units, including 1 entities, in source file contador_163.vhd
    Info (12022): Found design unit 1: contador_163-comportamental File: C:/Users/User/Desktop/Labdig/Projeto/Labdig-1/Semana1/S1_quartus/contador_163.vhd Line: 32
    Info (12023): Found entity 1: contador_163 File: C:/Users/User/Desktop/Labdig/Projeto/Labdig-1/Semana1/S1_quartus/contador_163.vhd Line: 19
Info (12021): Found 2 design units, including 1 entities, in source file comparador_85.vhd
    Info (12022): Found design unit 1: comparador_85-dataflow File: C:/Users/User/Desktop/Labdig/Projeto/Labdig-1/Semana1/S1_quartus/comparador_85.vhd Line: 37
    Info (12023): Found entity 1: comparador_85 File: C:/Users/User/Desktop/Labdig/Projeto/Labdig-1/Semana1/S1_quartus/comparador_85.vhd Line: 18
Info (12127): Elaborating entity "jogo_desafio_memoria" for the top level hierarchy
Info (12128): Elaborating entity "fluxo_dados" for hierarchy "fluxo_dados:fluxoDados" File: C:/Users/User/Desktop/Labdig/Projeto/Labdig-1/Semana1/S1_quartus/jogo_desafio_memoria.vhd Line: 154
Warning (10492): VHDL Process Statement warning at fluxo_dados.vhd(322): signal "s_vidas" is read inside the Process Statement but isn't in the Process Statement's sensitivity list File: C:/Users/User/Desktop/Labdig/Projeto/Labdig-1/Semana1/S1_quartus/fluxo_dados.vhd Line: 322
Warning (10492): VHDL Process Statement warning at fluxo_dados.vhd(323): signal "s_vidas" is read inside the Process Statement but isn't in the Process Statement's sensitivity list File: C:/Users/User/Desktop/Labdig/Projeto/Labdig-1/Semana1/S1_quartus/fluxo_dados.vhd Line: 323
Warning (10492): VHDL Process Statement warning at fluxo_dados.vhd(324): signal "s_vidas" is read inside the Process Statement but isn't in the Process Statement's sensitivity list File: C:/Users/User/Desktop/Labdig/Projeto/Labdig-1/Semana1/S1_quartus/fluxo_dados.vhd Line: 324
Warning (10492): VHDL Process Statement warning at fluxo_dados.vhd(327): signal "s_vidas" is read inside the Process Statement but isn't in the Process Statement's sensitivity list File: C:/Users/User/Desktop/Labdig/Projeto/Labdig-1/Semana1/S1_quartus/fluxo_dados.vhd Line: 327
Warning (10631): VHDL Process Statement warning at fluxo_dados.vhd(317): inferring latch(es) for signal or variable "s_vidas", which holds its previous value in one or more paths through the process File: C:/Users/User/Desktop/Labdig/Projeto/Labdig-1/Semana1/S1_quartus/fluxo_dados.vhd Line: 317
Warning (10631): VHDL Process Statement warning at fluxo_dados.vhd(317): inferring latch(es) for signal or variable "vidaZerada", which holds its previous value in one or more paths through the process File: C:/Users/User/Desktop/Labdig/Projeto/Labdig-1/Semana1/S1_quartus/fluxo_dados.vhd Line: 317
Info (10041): Inferred latch for "vidaZerada" at fluxo_dados.vhd(317) File: C:/Users/User/Desktop/Labdig/Projeto/Labdig-1/Semana1/S1_quartus/fluxo_dados.vhd Line: 317
Info (10041): Inferred latch for "s_vidas[0]" at fluxo_dados.vhd(317) File: C:/Users/User/Desktop/Labdig/Projeto/Labdig-1/Semana1/S1_quartus/fluxo_dados.vhd Line: 317
Info (10041): Inferred latch for "s_vidas[1]" at fluxo_dados.vhd(317) File: C:/Users/User/Desktop/Labdig/Projeto/Labdig-1/Semana1/S1_quartus/fluxo_dados.vhd Line: 317
Info (10041): Inferred latch for "s_vidas[2]" at fluxo_dados.vhd(317) File: C:/Users/User/Desktop/Labdig/Projeto/Labdig-1/Semana1/S1_quartus/fluxo_dados.vhd Line: 317
Info (10041): Inferred latch for "s_vidas[3]" at fluxo_dados.vhd(317) File: C:/Users/User/Desktop/Labdig/Projeto/Labdig-1/Semana1/S1_quartus/fluxo_dados.vhd Line: 317
Info (10041): Inferred latch for "conteudoEscrito[0]" at fluxo_dados.vhd(253) File: C:/Users/User/Desktop/Labdig/Projeto/Labdig-1/Semana1/S1_quartus/fluxo_dados.vhd Line: 253
Info (10041): Inferred latch for "conteudoEscrito[1]" at fluxo_dados.vhd(253) File: C:/Users/User/Desktop/Labdig/Projeto/Labdig-1/Semana1/S1_quartus/fluxo_dados.vhd Line: 253
Info (10041): Inferred latch for "conteudoEscrito[2]" at fluxo_dados.vhd(253) File: C:/Users/User/Desktop/Labdig/Projeto/Labdig-1/Semana1/S1_quartus/fluxo_dados.vhd Line: 253
Info (10041): Inferred latch for "conteudoEscrito[3]" at fluxo_dados.vhd(253) File: C:/Users/User/Desktop/Labdig/Projeto/Labdig-1/Semana1/S1_quartus/fluxo_dados.vhd Line: 253
Info (12128): Elaborating entity "contador_163" for hierarchy "fluxo_dados:fluxoDados|contador_163:contadorRodada" File: C:/Users/User/Desktop/Labdig/Projeto/Labdig-1/Semana1/S1_quartus/fluxo_dados.vhd Line: 175
Info (12128): Elaborating entity "comparador_85" for hierarchy "fluxo_dados:fluxoDados|comparador_85:comparadorJogadaFinal" File: C:/Users/User/Desktop/Labdig/Projeto/Labdig-1/Semana1/S1_quartus/fluxo_dados.vhd Line: 204
Info (12129): Elaborating entity "ram_16x4" using architecture "A:ram_modelsim" for hierarchy "fluxo_dados:fluxoDados|ram_16x4:memoria" File: C:/Users/User/Desktop/Labdig/Projeto/Labdig-1/Semana1/S1_quartus/fluxo_dados.vhd Line: 243
Info (12128): Elaborating entity "registrador_n" for hierarchy "fluxo_dados:fluxoDados|registrador_n:registrador" File: C:/Users/User/Desktop/Labdig/Projeto/Labdig-1/Semana1/S1_quartus/fluxo_dados.vhd Line: 257
Info (12128): Elaborating entity "edge_detector" for hierarchy "fluxo_dados:fluxoDados|edge_detector:detetor" File: C:/Users/User/Desktop/Labdig/Projeto/Labdig-1/Semana1/S1_quartus/fluxo_dados.vhd Line: 272
Info (12128): Elaborating entity "contador_m" for hierarchy "fluxo_dados:fluxoDados|contador_m:timer" File: C:/Users/User/Desktop/Labdig/Projeto/Labdig-1/Semana1/S1_quartus/fluxo_dados.vhd Line: 282
Info (12128): Elaborating entity "contador_m" for hierarchy "fluxo_dados:fluxoDados|contador_m:timerJogadaInicial" File: C:/Users/User/Desktop/Labdig/Projeto/Labdig-1/Semana1/S1_quartus/fluxo_dados.vhd Line: 300
Info (12128): Elaborating entity "unidade_controle" for hierarchy "unidade_controle:unidadeControle" File: C:/Users/User/Desktop/Labdig/Projeto/Labdig-1/Semana1/S1_quartus/jogo_desafio_memoria.vhd Line: 187
Info (12128): Elaborating entity "hexa7seg" for hierarchy "hexa7seg:HEX0" File: C:/Users/User/Desktop/Labdig/Projeto/Labdig-1/Semana1/S1_quartus/jogo_desafio_memoria.vhd Line: 269
Info (276014): Found 1 instances of uninferred RAM logic
    Info (276007): RAM logic "fluxo_dados:fluxoDados|ram_16x4:memoria|memoria" is uninferred due to asynchronous read logic File: C:/Users/User/Desktop/Labdig/Projeto/Labdig-1/Semana1/S1_quartus/ram_16x4.vhd Line: 72
Warning (13012): Latch fluxo_dados:fluxoDados|s_vidas[3] has unsafe behavior File: C:/Users/User/Desktop/Labdig/Projeto/Labdig-1/Semana1/S1_quartus/fluxo_dados.vhd Line: 317
    Warning (13013): Ports D and ENA on the latch are fed by the same signal fluxo_dados:fluxoDados|s_vidas[3] File: C:/Users/User/Desktop/Labdig/Projeto/Labdig-1/Semana1/S1_quartus/fluxo_dados.vhd Line: 317
Warning (13012): Latch fluxo_dados:fluxoDados|s_vidas[2] has unsafe behavior File: C:/Users/User/Desktop/Labdig/Projeto/Labdig-1/Semana1/S1_quartus/fluxo_dados.vhd Line: 317
    Warning (13013): Ports D and ENA on the latch are fed by the same signal fluxo_dados:fluxoDados|s_vidas[2] File: C:/Users/User/Desktop/Labdig/Projeto/Labdig-1/Semana1/S1_quartus/fluxo_dados.vhd Line: 317
Warning (13012): Latch fluxo_dados:fluxoDados|s_vidas[1] has unsafe behavior File: C:/Users/User/Desktop/Labdig/Projeto/Labdig-1/Semana1/S1_quartus/fluxo_dados.vhd Line: 317
    Warning (13013): Ports D and ENA on the latch are fed by the same signal fluxo_dados:fluxoDados|s_vidas[1] File: C:/Users/User/Desktop/Labdig/Projeto/Labdig-1/Semana1/S1_quartus/fluxo_dados.vhd Line: 317
Info (286030): Timing-Driven Synthesis is running
Info (16010): Generating hard_block partition "hard_block:auto_generated_inst"
    Info (16011): Adding 0 node(s), including 0 DDIO, 0 PLL, 0 transceiver and 0 LCELL
Info (21057): Implemented 339 device resources after synthesis - the final resource count might be different
    Info (21058): Implemented 8 input pins
    Info (21059): Implemented 52 output pins
    Info (21061): Implemented 279 logic cells
Info: Quartus Prime Analysis & Synthesis was successful. 0 errors, 13 warnings
    Info: Peak virtual memory: 4849 megabytes
    Info: Processing ended: Mon Mar 13 00:28:42 2023
    Info: Elapsed time: 00:00:16
    Info: Total CPU time (on all processors): 00:00:25


